[DEBUG, 25-11-2022 08:31:53]: [Thread #1]: Add: https://odindesignthemes.com/vikinger/members.html
[DEBUG, 25-11-2022 08:31:53]: [Thread #3]: Crawling: https://odindesignthemes.com/vikinger/members.html
[DEBUG, 25-11-2022 08:31:55]: [Thread #3]: Process: https://odindesignthemes.com/vikinger/members.html
[DEBUG, 25-11-2022 08:31:55]: [Thread #3]: DownloadImage: https://odindesignthemes.com/vikinger/img/cover/01.jpg
[DEBUG, 25-11-2022 08:31:55]: [Thread #3]: Done: https://odindesignthemes.com/vikinger/members.html
[DEBUG, 25-11-2022 08:31:55]: [Thread #3]: DownloadImage: https://odindesignthemes.com/vikinger/img/badge/gold-s.png
[DEBUG, 25-11-2022 08:31:55]: [Thread #3]: Done: https://odindesignthemes.com/vikinger/members.html
[DEBUG, 25-11-2022 08:31:55]: [Thread #3]: DownloadImage: https://odindesignthemes.com/vikinger/img/badge/age-s.png
[DEBUG, 25-11-2022 08:31:55]: [Thread #3]: Done: https://odindesignthemes.com/vikinger/members.html
[DEBUG, 25-11-2022 08:31:55]: [Thread #3]: DownloadImage: https://odindesignthemes.com/vikinger/img/badge/caffeinated-s.png
[DEBUG, 25-11-2022 08:31:55]: [Thread #3]: Done: https://odindesignthemes.com/vikinger/members.html
[DEBUG, 25-11-2022 08:31:55]: [Thread #3]: DownloadImage: https://odindesignthemes.com/vikinger/img/badge/warrior-s.png
[DEBUG, 25-11-2022 08:31:55]: [Thread #3]: Done: https://odindesignthemes.com/vikinger/members.html
[DEBUG, 25-11-2022 08:31:55]: [Thread #3]: DownloadImage: https://odindesignthemes.com/vikinger/img/badge/blank-s.png
[DEBUG, 25-11-2022 08:31:55]: [Thread #3]: Done: https://odindesignthemes.com/vikinger/members.html
[DEBUG, 25-11-2022 08:31:55]: [Thread #3]: DownloadImage: https://odindesignthemes.com/vikinger/img/marketplace/items/07.jpg
[DEBUG, 25-11-2022 08:31:55]: [Thread #3]: Done: https://odindesignthemes.com/vikinger/members.html
[DEBUG, 25-11-2022 08:31:55]: [Thread #3]: DownloadImage: https://odindesignthemes.com/vikinger/img/marketplace/items/01.jpg
[DEBUG, 25-11-2022 08:31:55]: [Thread #3]: Done: https://odindesignthemes.com/vikinger/members.html
[DEBUG, 25-11-2022 08:31:55]: [Thread #3]: DownloadImage: https://odindesignthemes.com/vikinger/img/marketplace/items/11.jpg
[DEBUG, 25-11-2022 08:31:55]: [Thread #3]: Done: https://odindesignthemes.com/vikinger/members.html
[DEBUG, 25-11-2022 08:31:55]: [Thread #3]: DownloadImage: https://odindesignthemes.com/vikinger/img/marketplace/items/10.jpg
[DEBUG, 25-11-2022 08:31:56]: [Thread #3]: Done: https://odindesignthemes.com/vikinger/members.html
[DEBUG, 25-11-2022 08:31:56]: [Thread #3]: DownloadImage: https://odindesignthemes.com/vikinger/img/marketplace/items/04.jpg
[DEBUG, 25-11-2022 08:31:56]: [Thread #3]: Done: https://odindesignthemes.com/vikinger/members.html
[DEBUG, 25-11-2022 08:31:56]: [Thread #3]: DownloadImage: https://odindesignthemes.com/vikinger/img/reaction/like.png
[DEBUG, 25-11-2022 08:31:56]: [Thread #3]: Done: https://odindesignthemes.com/vikinger/members.html
[DEBUG, 25-11-2022 08:31:56]: [Thread #3]: DownloadImage: https://odindesignthemes.com/vikinger/img/reaction/love.png
[DEBUG, 25-11-2022 08:31:56]: [Thread #3]: Done: https://odindesignthemes.com/vikinger/members.html
[DEBUG, 25-11-2022 08:31:56]: [Thread #3]: DownloadImage: https://odindesignthemes.com/vikinger/img/banner/members-icon.png
[DEBUG, 25-11-2022 08:31:57]: [Thread #3]: Done: https://odindesignthemes.com/vikinger/members.html
[DEBUG, 25-11-2022 08:31:57]: [Thread #3]: DownloadImage: https://odindesignthemes.com/vikinger/img/cover/04.jpg
[DEBUG, 25-11-2022 08:31:57]: [Thread #3]: Done: https://odindesignthemes.com/vikinger/members.html
[DEBUG, 25-11-2022 08:31:57]: [Thread #3]: DownloadImage: https://odindesignthemes.com/vikinger/img/badge/silver-s.png
[DEBUG, 25-11-2022 08:31:58]: [Thread #3]: Done: https://odindesignthemes.com/vikinger/members.html
[DEBUG, 25-11-2022 08:31:58]: [Thread #3]: DownloadImage: https://odindesignthemes.com/vikinger/img/badge/fcultivator-s.png
[DEBUG, 25-11-2022 08:31:58]: [Thread #3]: Done: https://odindesignthemes.com/vikinger/members.html
[DEBUG, 25-11-2022 08:31:58]: [Thread #3]: DownloadImage: https://odindesignthemes.com/vikinger/img/badge/scientist-s.png
[DEBUG, 25-11-2022 08:31:59]: [Thread #3]: Done: https://odindesignthemes.com/vikinger/members.html
[DEBUG, 25-11-2022 08:31:59]: [Thread #3]: DownloadImage: https://odindesignthemes.com/vikinger/img/badge/rmachine-s.png
[DEBUG, 25-11-2022 08:32:00]: [Thread #3]: Done: https://odindesignthemes.com/vikinger/members.html
[DEBUG, 25-11-2022 08:32:00]: [Thread #3]: DownloadImage: https://odindesignthemes.com/vikinger/img/cover/15.jpg
[DEBUG, 25-11-2022 08:32:02]: [Thread #3]: Done: https://odindesignthemes.com/vikinger/members.html
[DEBUG, 25-11-2022 08:32:02]: [Thread #3]: DownloadImage: https://odindesignthemes.com/vikinger/img/badge/verifieds-s.png
[DEBUG, 25-11-2022 08:32:02]: [Thread #3]: Done: https://odindesignthemes.com/vikinger/members.html
[DEBUG, 25-11-2022 08:32:02]: [Thread #3]: DownloadImage: https://odindesignthemes.com/vikinger/img/badge/rulerm-s.png
[DEBUG, 25-11-2022 08:32:03]: [Thread #3]: Done: https://odindesignthemes.com/vikinger/members.html
[DEBUG, 25-11-2022 08:32:03]: [Thread #3]: DownloadImage: https://odindesignthemes.com/vikinger/img/cover/23.jpg
[DEBUG, 25-11-2022 08:32:05]: [Thread #3]: Done: https://odindesignthemes.com/vikinger/members.html
[DEBUG, 25-11-2022 08:32:05]: [Thread #3]: DownloadImage: https://odindesignthemes.com/vikinger/img/badge/liked-s.png
[DEBUG, 25-11-2022 08:32:06]: [Thread #3]: Done: https://odindesignthemes.com/vikinger/members.html
[DEBUG, 25-11-2022 08:32:06]: [Thread #3]: DownloadImage: https://odindesignthemes.com/vikinger/img/badge/sloved-s.png
[DEBUG, 25-11-2022 08:32:06]: [Thread #3]: Done: https://odindesignthemes.com/vikinger/members.html
[DEBUG, 25-11-2022 08:32:06]: [Thread #3]: DownloadImage: https://odindesignthemes.com/vikinger/img/cover/05.jpg
[DEBUG, 25-11-2022 08:32:08]: [Thread #3]: Done: https://odindesignthemes.com/vikinger/members.html
[DEBUG, 25-11-2022 08:32:08]: [Thread #3]: DownloadImage: https://odindesignthemes.com/vikinger/img/badge/platinum-s.png
[DEBUG, 25-11-2022 08:32:08]: [Thread #3]: Done: https://odindesignthemes.com/vikinger/members.html
[DEBUG, 25-11-2022 08:32:08]: [Thread #3]: DownloadImage: https://odindesignthemes.com/vikinger/img/cover/06.jpg
[DEBUG, 25-11-2022 08:32:10]: [Thread #3]: Done: https://odindesignthemes.com/vikinger/members.html
[DEBUG, 25-11-2022 08:32:10]: [Thread #3]: DownloadImage: https://odindesignthemes.com/vikinger/img/badge/globet-s.png
[DEBUG, 25-11-2022 08:32:11]: [Thread #3]: Done: https://odindesignthemes.com/vikinger/members.html
[DEBUG, 25-11-2022 08:32:11]: [Thread #3]: DownloadImage: https://odindesignthemes.com/vikinger/img/cover/08.jpg
[DEBUG, 25-11-2022 08:32:12]: [Thread #3]: Done: https://odindesignthemes.com/vikinger/members.html
[DEBUG, 25-11-2022 08:32:12]: [Thread #3]: DownloadImage: https://odindesignthemes.com/vikinger/img/badge/bronze-s.png
[DEBUG, 25-11-2022 08:32:13]: [Thread #3]: Done: https://odindesignthemes.com/vikinger/members.html
[DEBUG, 25-11-2022 08:32:13]: [Thread #3]: DownloadImage: https://odindesignthemes.com/vikinger/img/badge/forumsf-s.png
[DEBUG, 25-11-2022 08:32:13]: [Thread #3]: Done: https://odindesignthemes.com/vikinger/members.html
[DEBUG, 25-11-2022 08:32:13]: [Thread #3]: DownloadImage: https://odindesignthemes.com/vikinger/img/cover/09.jpg
[DEBUG, 25-11-2022 08:32:15]: [Thread #3]: Done: https://odindesignthemes.com/vikinger/members.html
[DEBUG, 25-11-2022 08:32:15]: [Thread #3]: DownloadImage: https://odindesignthemes.com/vikinger/img/cover/18.jpg
[DEBUG, 25-11-2022 08:32:17]: [Thread #3]: Done: https://odindesignthemes.com/vikinger/members.html
[DEBUG, 25-11-2022 08:32:17]: [Thread #3]: DownloadImage: https://odindesignthemes.com/vikinger/img/badge/prophoto-s.png
[DEBUG, 25-11-2022 08:32:18]: [Thread #3]: Done: https://odindesignthemes.com/vikinger/members.html
[DEBUG, 25-11-2022 08:32:18]: [Thread #3]: DownloadImage: https://odindesignthemes.com/vikinger/img/cover/22.jpg
[DEBUG, 25-11-2022 08:32:19]: [Thread #3]: Done: https://odindesignthemes.com/vikinger/members.html
